{"/Users/sandonjurowski/Desktop/_SilverLamp/quicksites-core/admin/components/TemplateEditor.tsx": {"path":"/Users/sandonjurowski/Desktop/_SilverLamp/quicksites-core/admin/components/TemplateEditor.tsx","statementMap":{"0":{"start":{"line":14,"column":34},"end":{"line":14,"column":53}},"1":{"start":{"line":15,"column":32},"end":{"line":15,"column":44}},"2":{"start":{"line":16,"column":34},"end":{"line":16,"column":48}},"3":{"start":{"line":17,"column":44},"end":{"line":17,"column":56}},"4":{"start":{"line":18,"column":38},"end":{"line":18,"column":82}},"5":{"start":{"line":20,"column":2},"end":{"line":27,"column":21}},"6":{"start":{"line":21,"column":4},"end":{"line":26,"column":9}},"7":{"start":{"line":22,"column":19},"end":{"line":22,"column":29}},"8":{"start":{"line":24,"column":8},"end":{"line":24,"column":23}},"9":{"start":{"line":25,"column":8},"end":{"line":25,"column":52}},"10":{"start":{"line":29,"column":23},"end":{"line":51,"column":3}},"11":{"start":{"line":30,"column":20},"end":{"line":32,"column":16}},"12":{"start":{"line":34,"column":16},"end":{"line":42,"column":6}},"13":{"start":{"line":44,"column":4},"end":{"line":50,"column":5}},"14":{"start":{"line":45,"column":6},"end":{"line":45,"column":27}},"15":{"start":{"line":46,"column":6},"end":{"line":46,"column":29}},"16":{"start":{"line":47,"column":6},"end":{"line":47,"column":52}},"17":{"start":{"line":47,"column":23},"end":{"line":47,"column":44}},"18":{"start":{"line":49,"column":6},"end":{"line":49,"column":29}},"19":{"start":{"line":53,"column":28},"end":{"line":56,"column":3}},"20":{"start":{"line":54,"column":4},"end":{"line":55,"column":54}},"21":{"start":{"line":54,"column":35},"end":{"line":54,"column":59}},"22":{"start":{"line":55,"column":9},"end":{"line":55,"column":54}},"23":{"start":{"line":58,"column":2},"end":{"line":58,"column":51}},"24":{"start":{"line":58,"column":17},"end":{"line":58,"column":51}},"25":{"start":{"line":60,"column":2},"end":{"line":94,"column":4}},"26":{"start":{"line":87,"column":20},"end":{"line":87,"column":42}},"27":{"start":{"line":87,"column":39},"end":{"line":87,"column":41}}},"fnMap":{"0":{"name":"TemplateEditor","decl":{"start":{"line":13,"column":24},"end":{"line":13,"column":38}},"loc":{"start":{"line":13,"column":83},"end":{"line":95,"column":1}},"line":13},"1":{"name":"(anonymous_1)","decl":{"start":{"line":20,"column":12},"end":{"line":20,"column":13}},"loc":{"start":{"line":20,"column":18},"end":{"line":27,"column":3}},"line":20},"2":{"name":"(anonymous_2)","decl":{"start":{"line":22,"column":12},"end":{"line":22,"column":13}},"loc":{"start":{"line":22,"column":19},"end":{"line":22,"column":29}},"line":22},"3":{"name":"(anonymous_3)","decl":{"start":{"line":23,"column":12},"end":{"line":23,"column":13}},"loc":{"start":{"line":23,"column":19},"end":{"line":26,"column":7}},"line":23},"4":{"name":"(anonymous_4)","decl":{"start":{"line":29,"column":23},"end":{"line":29,"column":24}},"loc":{"start":{"line":29,"column":35},"end":{"line":51,"column":3}},"line":29},"5":{"name":"(anonymous_5)","decl":{"start":{"line":47,"column":17},"end":{"line":47,"column":18}},"loc":{"start":{"line":47,"column":23},"end":{"line":47,"column":44}},"line":47},"6":{"name":"(anonymous_6)","decl":{"start":{"line":53,"column":28},"end":{"line":53,"column":29}},"loc":{"start":{"line":53,"column":62},"end":{"line":56,"column":3}},"line":53},"7":{"name":"(anonymous_7)","decl":{"start":{"line":87,"column":14},"end":{"line":87,"column":15}},"loc":{"start":{"line":87,"column":20},"end":{"line":87,"column":42}},"line":87},"8":{"name":"(anonymous_8)","decl":{"start":{"line":87,"column":32},"end":{"line":87,"column":33}},"loc":{"start":{"line":87,"column":39},"end":{"line":87,"column":41}},"line":87}},"branchMap":{"0":{"loc":{"start":{"line":30,"column":20},"end":{"line":32,"column":16}},"type":"cond-expr","locations":[{"start":{"line":31,"column":8},"end":{"line":31,"column":50}},{"start":{"line":32,"column":8},"end":{"line":32,"column":16}}],"line":30},"1":{"loc":{"start":{"line":44,"column":4},"end":{"line":50,"column":5}},"type":"if","locations":[{"start":{"line":44,"column":4},"end":{"line":50,"column":5}},{"start":{"line":48,"column":11},"end":{"line":50,"column":5}}],"line":44},"2":{"loc":{"start":{"line":54,"column":4},"end":{"line":55,"column":54}},"type":"if","locations":[{"start":{"line":54,"column":4},"end":{"line":55,"column":54}},{"start":{"line":55,"column":9},"end":{"line":55,"column":54}}],"line":54},"3":{"loc":{"start":{"line":58,"column":2},"end":{"line":58,"column":51}},"type":"if","locations":[{"start":{"line":58,"column":2},"end":{"line":58,"column":51}},{"start":{},"end":{}}],"line":58}},"s":{"0":5,"1":5,"2":5,"3":5,"4":5,"5":5,"6":1,"7":1,"8":1,"9":1,"10":5,"11":1,"12":1,"13":1,"14":1,"15":1,"16":1,"17":0,"18":0,"19":5,"20":2,"21":1,"22":1,"23":5,"24":1,"25":4,"26":0,"27":0},"f":{"0":5,"1":1,"2":1,"3":1,"4":1,"5":0,"6":2,"7":0,"8":0},"b":{"0":[1,0],"1":[1,0],"2":[1,1],"3":[1,4]},"_coverageSchema":"1a1c01bbd47fc00a2c39e90264f33305004495a9","hash":"3bd0e1b631f50be305c09e5e1398bf73a7287644"}
,"/Users/sandonjurowski/Desktop/_SilverLamp/quicksites-core/admin/components/templates/TemplateFields.tsx": {"path":"/Users/sandonjurowski/Desktop/_SilverLamp/quicksites-core/admin/components/templates/TemplateFields.tsx","statementMap":{"0":{"start":{"line":19,"column":2},"end":{"line":55,"column":4}},"1":{"start":{"line":26,"column":29},"end":{"line":26,"column":65}},"2":{"start":{"line":33,"column":29},"end":{"line":33,"column":63}},"3":{"start":{"line":40,"column":29},"end":{"line":40,"column":69}},"4":{"start":{"line":50,"column":29},"end":{"line":50,"column":70}}},"fnMap":{"0":{"name":"TemplateFields","decl":{"start":{"line":12,"column":24},"end":{"line":12,"column":38}},"loc":{"start":{"line":18,"column":24},"end":{"line":56,"column":1}},"line":18},"1":{"name":"(anonymous_1)","decl":{"start":{"line":26,"column":22},"end":{"line":26,"column":23}},"loc":{"start":{"line":26,"column":29},"end":{"line":26,"column":65}},"line":26},"2":{"name":"(anonymous_2)","decl":{"start":{"line":33,"column":22},"end":{"line":33,"column":23}},"loc":{"start":{"line":33,"column":29},"end":{"line":33,"column":63}},"line":33},"3":{"name":"(anonymous_3)","decl":{"start":{"line":40,"column":22},"end":{"line":40,"column":23}},"loc":{"start":{"line":40,"column":29},"end":{"line":40,"column":69}},"line":40},"4":{"name":"(anonymous_4)","decl":{"start":{"line":50,"column":22},"end":{"line":50,"column":23}},"loc":{"start":{"line":50,"column":29},"end":{"line":50,"column":70}},"line":50}},"branchMap":{},"s":{"0":5,"1":1,"2":0,"3":0,"4":1},"f":{"0":5,"1":1,"2":0,"3":0,"4":1},"b":{},"_coverageSchema":"1a1c01bbd47fc00a2c39e90264f33305004495a9","hash":"b494ba6e39aded552a7ee14039b39fcdbb135a11"}
,"/Users/sandonjurowski/Desktop/_SilverLamp/quicksites-core/admin/components/templates/TemplateHeader.tsx": {"path":"/Users/sandonjurowski/Desktop/_SilverLamp/quicksites-core/admin/components/templates/TemplateHeader.tsx","statementMap":{"0":{"start":{"line":10,"column":2},"end":{"line":24,"column":4}}},"fnMap":{"0":{"name":"TemplateHeader","decl":{"start":{"line":9,"column":24},"end":{"line":9,"column":38}},"loc":{"start":{"line":9,"column":95},"end":{"line":25,"column":1}},"line":9}},"branchMap":{"0":{"loc":{"start":{"line":14,"column":9},"end":{"line":18,"column":9}},"type":"binary-expr","locations":[{"start":{"line":14,"column":9},"end":{"line":14,"column":18}},{"start":{"line":15,"column":10},"end":{"line":17,"column":14}}],"line":14}},"s":{"0":5},"f":{"0":5},"b":{"0":[5,5]},"_coverageSchema":"1a1c01bbd47fc00a2c39e90264f33305004495a9","hash":"1a63c98c32f7a7e0b89325b50b8b335dd959f13e"}
,"/Users/sandonjurowski/Desktop/_SilverLamp/quicksites-core/admin/components/templates/TemplateJsonEditor.tsx": {"path":"/Users/sandonjurowski/Desktop/_SilverLamp/quicksites-core/admin/components/templates/TemplateJsonEditor.tsx","statementMap":{"0":{"start":{"line":10,"column":2},"end":{"line":19,"column":4}},"1":{"start":{"line":16,"column":25},"end":{"line":16,"column":51}}},"fnMap":{"0":{"name":"TemplateJsonEditor","decl":{"start":{"line":9,"column":24},"end":{"line":9,"column":42}},"loc":{"start":{"line":9,"column":93},"end":{"line":20,"column":1}},"line":9},"1":{"name":"(anonymous_1)","decl":{"start":{"line":16,"column":18},"end":{"line":16,"column":19}},"loc":{"start":{"line":16,"column":25},"end":{"line":16,"column":51}},"line":16}},"branchMap":{},"s":{"0":5,"1":0},"f":{"0":5,"1":0},"b":{},"_coverageSchema":"1a1c01bbd47fc00a2c39e90264f33305004495a9","hash":"5169ef326247fbd44fdab33e5bce72d052d587b2"}
,"/Users/sandonjurowski/Desktop/_SilverLamp/quicksites-core/admin/components/templates/TemplateSaveBar.tsx": {"path":"/Users/sandonjurowski/Desktop/_SilverLamp/quicksites-core/admin/components/templates/TemplateSaveBar.tsx","statementMap":{"0":{"start":{"line":16,"column":2},"end":{"line":31,"column":4}}},"fnMap":{"0":{"name":"TemplateSaveBar","decl":{"start":{"line":10,"column":24},"end":{"line":10,"column":39}},"loc":{"start":{"line":15,"column":25},"end":{"line":32,"column":1}},"line":15}},"branchMap":{"0":{"loc":{"start":{"line":19,"column":16},"end":{"line":19,"column":46}},"type":"cond-expr","locations":[{"start":{"line":19,"column":27},"end":{"line":19,"column":33}},{"start":{"line":19,"column":36},"end":{"line":19,"column":46}}],"line":19},"1":{"loc":{"start":{"line":23,"column":9},"end":{"line":25,"column":9}},"type":"binary-expr","locations":[{"start":{"line":23,"column":9},"end":{"line":23,"column":31}},{"start":{"line":24,"column":10},"end":{"line":24,"column":79}}],"line":23},"2":{"loc":{"start":{"line":26,"column":9},"end":{"line":28,"column":9}},"type":"binary-expr","locations":[{"start":{"line":26,"column":9},"end":{"line":26,"column":31}},{"start":{"line":27,"column":10},"end":{"line":27,"column":64}}],"line":26}},"s":{"0":5},"f":{"0":5},"b":{"0":[5,0],"1":[5,1],"2":[5,0]},"_coverageSchema":"1a1c01bbd47fc00a2c39e90264f33305004495a9","hash":"588cb1b706a4d5fe6a4cb0be4dbd74d25f17573a"}
,"/Users/sandonjurowski/Desktop/_SilverLamp/quicksites-core/admin/components/ui/button.tsx": {"path":"/Users/sandonjurowski/Desktop/_SilverLamp/quicksites-core/admin/components/ui/button.tsx","statementMap":{"0":{"start":{"line":7,"column":23},"end":{"line":35,"column":1}},"1":{"start":{"line":43,"column":15},"end":{"line":54,"column":1}},"2":{"start":{"line":45,"column":17},"end":{"line":45,"column":42}},"3":{"start":{"line":46,"column":4},"end":{"line":52,"column":5}},"4":{"start":{"line":55,"column":0},"end":{"line":55,"column":29}}},"fnMap":{"0":{"name":"(anonymous_0)","decl":{"start":{"line":44,"column":2},"end":{"line":44,"column":3}},"loc":{"start":{"line":44,"column":68},"end":{"line":53,"column":3}},"line":44}},"branchMap":{"0":{"loc":{"start":{"line":44,"column":31},"end":{"line":44,"column":46}},"type":"default-arg","locations":[{"start":{"line":44,"column":41},"end":{"line":44,"column":46}}],"line":44},"1":{"loc":{"start":{"line":45,"column":17},"end":{"line":45,"column":42}},"type":"cond-expr","locations":[{"start":{"line":45,"column":27},"end":{"line":45,"column":31}},{"start":{"line":45,"column":34},"end":{"line":45,"column":42}}],"line":45}},"s":{"0":2,"1":2,"2":10,"3":10,"4":2},"f":{"0":10},"b":{"0":[10],"1":[0,10]},"_coverageSchema":"1a1c01bbd47fc00a2c39e90264f33305004495a9","hash":"6127722904d43ad9b7bcf69d0c24e64700363d7b"}
,"/Users/sandonjurowski/Desktop/_SilverLamp/quicksites-core/admin/components/ui/input.tsx": {"path":"/Users/sandonjurowski/Desktop/_SilverLamp/quicksites-core/admin/components/ui/input.tsx","statementMap":{"0":{"start":{"line":5,"column":14},"end":{"line":19,"column":1}},"1":{"start":{"line":7,"column":4},"end":{"line":17,"column":5}},"2":{"start":{"line":20,"column":0},"end":{"line":20,"column":27}}},"fnMap":{"0":{"name":"(anonymous_0)","decl":{"start":{"line":6,"column":2},"end":{"line":6,"column":3}},"loc":{"start":{"line":6,"column":42},"end":{"line":18,"column":3}},"line":6}},"branchMap":{},"s":{"0":2,"1":24,"2":2},"f":{"0":24},"b":{},"_coverageSchema":"1a1c01bbd47fc00a2c39e90264f33305004495a9","hash":"9df726e7aed32ebe79f81ae0f4e02e1c8565e555"}
,"/Users/sandonjurowski/Desktop/_SilverLamp/quicksites-core/admin/components/ui/label.tsx": {"path":"/Users/sandonjurowski/Desktop/_SilverLamp/quicksites-core/admin/components/ui/label.tsx","statementMap":{"0":{"start":{"line":7,"column":22},"end":{"line":9,"column":1}},"1":{"start":{"line":11,"column":14},"end":{"line":21,"column":2}},"2":{"start":{"line":16,"column":2},"end":{"line":20,"column":4}},"3":{"start":{"line":22,"column":0},"end":{"line":22,"column":51}}},"fnMap":{"0":{"name":"(anonymous_0)","decl":{"start":{"line":15,"column":2},"end":{"line":15,"column":3}},"loc":{"start":{"line":16,"column":2},"end":{"line":20,"column":4}},"line":16}},"branchMap":{},"s":{"0":3,"1":3,"2":29,"3":3},"f":{"0":29},"b":{},"_coverageSchema":"1a1c01bbd47fc00a2c39e90264f33305004495a9","hash":"0e26a80508409101f3da477a6914878e6b8cffbf"}
,"/Users/sandonjurowski/Desktop/_SilverLamp/quicksites-core/admin/components/ui/scroll-area.tsx": {"path":"/Users/sandonjurowski/Desktop/_SilverLamp/quicksites-core/admin/components/ui/scroll-area.tsx","statementMap":{"0":{"start":{"line":6,"column":19},"end":{"line":21,"column":2}},"1":{"start":{"line":10,"column":2},"end":{"line":20,"column":29}},"2":{"start":{"line":22,"column":0},"end":{"line":22,"column":61}},"3":{"start":{"line":24,"column":18},"end":{"line":43,"column":2}},"4":{"start":{"line":28,"column":2},"end":{"line":42,"column":44}},"5":{"start":{"line":44,"column":0},"end":{"line":44,"column":75}}},"fnMap":{"0":{"name":"(anonymous_0)","decl":{"start":{"line":9,"column":2},"end":{"line":9,"column":3}},"loc":{"start":{"line":10,"column":2},"end":{"line":20,"column":29}},"line":10},"1":{"name":"(anonymous_1)","decl":{"start":{"line":27,"column":2},"end":{"line":27,"column":3}},"loc":{"start":{"line":28,"column":2},"end":{"line":42,"column":44}},"line":28}},"branchMap":{"0":{"loc":{"start":{"line":27,"column":16},"end":{"line":27,"column":40}},"type":"default-arg","locations":[{"start":{"line":27,"column":30},"end":{"line":27,"column":40}}],"line":27},"1":{"loc":{"start":{"line":33,"column":6},"end":{"line":34,"column":60}},"type":"binary-expr","locations":[{"start":{"line":33,"column":6},"end":{"line":33,"column":32}},{"start":{"line":34,"column":8},"end":{"line":34,"column":60}}],"line":33},"2":{"loc":{"start":{"line":35,"column":6},"end":{"line":36,"column":62}},"type":"binary-expr","locations":[{"start":{"line":35,"column":6},"end":{"line":35,"column":34}},{"start":{"line":36,"column":8},"end":{"line":36,"column":62}}],"line":35}},"s":{"0":1,"1":4,"2":1,"3":1,"4":4,"5":1},"f":{"0":4,"1":4},"b":{"0":[4],"1":[4,4],"2":[4,0]},"_coverageSchema":"1a1c01bbd47fc00a2c39e90264f33305004495a9","hash":"43b654230c3a562f3e003d5ca3d5ccc3682492da"}
,"/Users/sandonjurowski/Desktop/_SilverLamp/quicksites-core/admin/components/ui/textarea.tsx": {"path":"/Users/sandonjurowski/Desktop/_SilverLamp/quicksites-core/admin/components/ui/textarea.tsx","statementMap":{"0":{"start":{"line":5,"column":17},"end":{"line":19,"column":2}},"1":{"start":{"line":9,"column":2},"end":{"line":18,"column":3}},"2":{"start":{"line":20,"column":0},"end":{"line":20,"column":33}}},"fnMap":{"0":{"name":"(anonymous_0)","decl":{"start":{"line":8,"column":2},"end":{"line":8,"column":3}},"loc":{"start":{"line":8,"column":36},"end":{"line":19,"column":1}},"line":8}},"branchMap":{},"s":{"0":2,"1":5,"2":2},"f":{"0":5},"b":{},"_coverageSchema":"1a1c01bbd47fc00a2c39e90264f33305004495a9","hash":"741467bf743c794e506f2dfe36d8cce27c74825d"}
,"/Users/sandonjurowski/Desktop/_SilverLamp/quicksites-core/admin/lib/utils.ts": {"path":"/Users/sandonjurowski/Desktop/_SilverLamp/quicksites-core/admin/lib/utils.ts","statementMap":{"0":{"start":{"line":5,"column":2},"end":{"line":5,"column":30}}},"fnMap":{"0":{"name":"cn","decl":{"start":{"line":4,"column":16},"end":{"line":4,"column":18}},"loc":{"start":{"line":4,"column":44},"end":{"line":6,"column":1}},"line":4}},"branchMap":{},"s":{"0":76},"f":{"0":76},"b":{},"_coverageSchema":"1a1c01bbd47fc00a2c39e90264f33305004495a9","hash":"e30de0f21f5a0a7d5ad9fcb346748fa954169996"}
}
