TN:
SF:components/TemplateEditor.tsx
FN:13,TemplateEditor
FN:20,(anonymous_1)
FN:22,(anonymous_2)
FN:23,(anonymous_3)
FN:29,(anonymous_4)
FN:47,(anonymous_5)
FN:53,(anonymous_6)
FN:87,(anonymous_7)
FN:87,(anonymous_8)
FNF:9
FNH:6
FNDA:5,TemplateEditor
FNDA:1,(anonymous_1)
FNDA:1,(anonymous_2)
FNDA:1,(anonymous_3)
FNDA:1,(anonymous_4)
FNDA:0,(anonymous_5)
FNDA:2,(anonymous_6)
FNDA:0,(anonymous_7)
FNDA:0,(anonymous_8)
DA:14,5
DA:15,5
DA:16,5
DA:17,5
DA:18,5
DA:20,5
DA:21,1
DA:22,1
DA:24,1
DA:25,1
DA:29,5
DA:30,1
DA:34,1
DA:44,1
DA:45,1
DA:46,1
DA:47,1
DA:49,0
DA:53,5
DA:54,2
DA:55,1
DA:58,5
DA:60,4
DA:87,0
LF:24
LH:22
BRDA:30,0,0,1
BRDA:30,0,1,0
BRDA:44,1,0,1
BRDA:44,1,1,0
BRDA:54,2,0,1
BRDA:54,2,1,1
BRDA:58,3,0,1
BRDA:58,3,1,4
BRF:8
BRH:6
end_of_record
TN:
SF:components/templates/TemplateFields.tsx
FN:12,TemplateFields
FN:26,(anonymous_1)
FN:33,(anonymous_2)
FN:40,(anonymous_3)
FN:50,(anonymous_4)
FNF:5
FNH:3
FNDA:5,TemplateFields
FNDA:1,(anonymous_1)
FNDA:0,(anonymous_2)
FNDA:0,(anonymous_3)
FNDA:1,(anonymous_4)
DA:19,5
DA:26,1
DA:33,0
DA:40,0
DA:50,1
LF:5
LH:3
BRF:0
BRH:0
end_of_record
TN:
SF:components/templates/TemplateHeader.tsx
FN:9,TemplateHeader
FNF:1
FNH:1
FNDA:5,TemplateHeader
DA:10,5
LF:1
LH:1
BRDA:14,0,0,5
BRDA:14,0,1,5
BRF:2
BRH:2
end_of_record
TN:
SF:components/templates/TemplateJsonEditor.tsx
FN:9,TemplateJsonEditor
FN:16,(anonymous_1)
FNF:2
FNH:1
FNDA:5,TemplateJsonEditor
FNDA:0,(anonymous_1)
DA:10,5
DA:16,0
LF:2
LH:1
BRF:0
BRH:0
end_of_record
TN:
SF:components/templates/TemplateSaveBar.tsx
FN:10,TemplateSaveBar
FNF:1
FNH:1
FNDA:5,TemplateSaveBar
DA:16,5
LF:1
LH:1
BRDA:19,0,0,5
BRDA:19,0,1,0
BRDA:23,1,0,5
BRDA:23,1,1,1
BRDA:26,2,0,5
BRDA:26,2,1,0
BRF:6
BRH:4
end_of_record
TN:
SF:components/ui/button.tsx
FN:44,(anonymous_0)
FNF:1
FNH:1
FNDA:10,(anonymous_0)
DA:7,2
DA:43,2
DA:45,10
DA:46,10
DA:55,2
LF:5
LH:5
BRDA:44,0,0,10
BRDA:45,1,0,0
BRDA:45,1,1,10
BRF:3
BRH:2
end_of_record
TN:
SF:components/ui/input.tsx
FN:6,(anonymous_0)
FNF:1
FNH:1
FNDA:24,(anonymous_0)
DA:5,2
DA:7,24
DA:20,2
LF:3
LH:3
BRF:0
BRH:0
end_of_record
TN:
SF:components/ui/label.tsx
FN:15,(anonymous_0)
FNF:1
FNH:1
FNDA:29,(anonymous_0)
DA:7,3
DA:11,3
DA:16,29
DA:22,3
LF:4
LH:4
BRF:0
BRH:0
end_of_record
TN:
SF:components/ui/scroll-area.tsx
FN:9,(anonymous_0)
FN:27,(anonymous_1)
FNF:2
FNH:2
FNDA:4,(anonymous_0)
FNDA:4,(anonymous_1)
DA:6,1
DA:10,4
DA:22,1
DA:24,1
DA:28,4
DA:44,1
LF:6
LH:6
BRDA:27,0,0,4
BRDA:33,1,0,4
BRDA:33,1,1,4
BRDA:35,2,0,4
BRDA:35,2,1,0
BRF:5
BRH:4
end_of_record
TN:
SF:components/ui/textarea.tsx
FN:8,(anonymous_0)
FNF:1
FNH:1
FNDA:5,(anonymous_0)
DA:5,2
DA:9,5
DA:20,2
LF:3
LH:3
BRF:0
BRH:0
end_of_record
TN:
SF:lib/utils.ts
FN:4,cn
FNF:1
FNH:1
FNDA:76,cn
DA:5,76
LF:1
LH:1
BRF:0
BRH:0
end_of_record
